<?xml version="1.0" encoding="UTF-8"?>
<!-- Generated by org.testng.reporters.JUnitReportReporter -->
<testsuite hostname="kathia" failures="0" tests="3" name="TestNG_classes.CheckoutTest" time="6.391" errors="0" timestamp="2024-10-30T21:12:34 EDT" skipped="0">
  <testcase classname="TestNG_classes.CheckoutTest" name="LoginToMyAccout" time="2.127"/>
  <testcase classname="TestNG_classes.CheckoutTest" name="click_shopping_card" time="2.029"/>
  <testcase classname="TestNG_classes.CheckoutTest" name="click_checkout" time="2.235"/>
</testsuite> <!-- TestNG_classes.CheckoutTest -->
