<?xml version="1.0" encoding="UTF-8"?>
<!-- Generated by org.testng.reporters.JUnitReportReporter -->
<testsuite hostname="kathia" failures="0" tests="5" name="Extent_pack.Extent" time="0.022" errors="0" timestamp="2024-10-29T14:20:52 EDT" skipped="0">
  <testcase classname="Extent_pack.Extent" name="login" time="0.012"/>
  <testcase classname="Extent_pack.Extent" name="search" time="0.003"/>
  <testcase classname="Extent_pack.Extent" name="addtocart" time="0.003"/>
  <testcase classname="Extent_pack.Extent" name="confirmationmsg" time="0.002"/>
  <testcase classname="Extent_pack.Extent" name="itemsconfirmation" time="0.002"/>
</testsuite> <!-- Extent_pack.Extent -->
