<?xml version="1.0" encoding="UTF-8"?>
<!-- Generated by org.testng.reporters.JUnitReportReporter -->
<testsuite hostname="kathia" failures="0" tests="3" name="Extent_pack.Extent" time="0.017" errors="0" timestamp="2024-09-30T23:06:05 EDT" skipped="0">
  <testcase classname="Extent_pack.Extent" name="addtocart" time="0.013"/>
  <testcase classname="Extent_pack.Extent" name="itemsconfirmation" time="0.001"/>
  <testcase classname="Extent_pack.Extent" name="confirmationmsg" time="0.003"/>
</testsuite> <!-- Extent_pack.Extent -->
