<?xml version="1.0" encoding="UTF-8"?>
<!-- Generated by org.testng.reporters.JUnitReportReporter -->
<testsuite hostname="kathia" failures="0" tests="1" name="Logger.TestNGClass" time="3.754" errors="0" timestamp="2024-09-30T23:21:26 EDT" skipped="0">
  <testcase classname="Logger.TestNGClass" name="f" time="3.754"/>
</testsuite> <!-- Logger.TestNGClass -->
