<?xml version="1.0" encoding="UTF-8"?>
<!-- Generated by org.testng.reporters.JUnitReportReporter -->
<testsuite hostname="kathia" failures="0" tests="3" name="TestNG_classes.CheckoutTest" time="5.558" errors="0" timestamp="2024-11-02T17:12:28 EDT" skipped="0">
  <testcase classname="TestNG_classes.CheckoutTest" name="LoginToMyAccout" time="1.845"/>
  <testcase classname="TestNG_classes.CheckoutTest" name="click_shopping_card" time="1.690"/>
  <testcase classname="TestNG_classes.CheckoutTest" name="click_checkout" time="2.023"/>
</testsuite> <!-- TestNG_classes.CheckoutTest -->
