<?xml version="1.0" encoding="UTF-8"?>
<!-- Generated by org.testng.reporters.JUnitReportReporter -->
<testsuite hostname="kathia" failures="0" tests="1" name="Logger.TestNGClass" time="6.416" errors="0" timestamp="2024-10-16T06:41:16 EDT" skipped="0">
  <testcase classname="Logger.TestNGClass" name="f" time="6.416"/>
</testsuite> <!-- Logger.TestNGClass -->
