<?xml version="1.0" encoding="UTF-8"?>
<!-- Generated by org.testng.reporters.JUnitReportReporter -->
<testsuite hostname="kathia" failures="0" tests="1" name="TestNG_classes.SampleTest" time="0.008" errors="0" timestamp="2024-10-30T21:34:19 EDT" skipped="0">
  <testcase classname="TestNG_classes.SampleTest" name="f" time="0.008"/>
</testsuite> <!-- TestNG_classes.SampleTest -->
