<?xml version="1.0" encoding="UTF-8"?>
<!-- Generated by org.testng.reporters.JUnitReportReporter -->
<testsuite hostname="kathia" failures="0" tests="1" name="TestNG_classes.AddtocartTest" time="0.100" errors="0" timestamp="2024-10-28T23:45:58 EDT" skipped="0">
  <testcase classname="TestNG_classes.AddtocartTest" name="click_AddtoCart" time="0.100"/>
</testsuite> <!-- TestNG_classes.AddtocartTest -->
