<?xml version="1.0" encoding="UTF-8"?>
<!-- Generated by org.testng.reporters.JUnitReportReporter -->
<testsuite hostname="kathia" failures="0" tests="1" name="Logger_pack.TestNGClass" time="4.635" errors="0" timestamp="2024-09-28T21:47:42 EDT" skipped="0">
  <testcase classname="Logger_pack.TestNGClass" name="f" time="4.635"/>
</testsuite> <!-- Logger_pack.TestNGClass -->
