<?xml version="1.0" encoding="UTF-8"?>
<!-- Generated by org.testng.reporters.JUnitReportReporter -->
<testsuite hostname="kathia" failures="0" tests="7" name="TestNG_classes.Login" time="11.164" errors="0" timestamp="2024-11-06T13:04:34 EST" skipped="0">
  <testcase classname="TestNG_classes.Login" name="loginpage" time="0.698"/>
  <testcase classname="TestNG_classes.Login" name="passwordenter" time="0.424"/>
  <testcase classname="TestNG_classes.Login" name="loginbutton" time="2.458"/>
  <testcase classname="TestNG_classes.Login" name="search" time="2.516"/>
  <testcase classname="TestNG_classes.Login" name="click_AddtoCart" time="2.271"/>
  <testcase classname="TestNG_classes.Login" name="confirmationmsg" time="1.276"/>
  <testcase classname="TestNG_classes.Login" name="itemsconfirmation" time="1.521"/>
</testsuite> <!-- TestNG_classes.Login -->
