<?xml version="1.0" encoding="UTF-8"?>
<!-- Generated by org.testng.reporters.JUnitReportReporter -->
<testsuite hostname="kathia" failures="0" tests="7" name="TestNG_classes.Login" time="10.173" errors="0" timestamp="2024-11-06T10:59:19 EST" skipped="0">
  <testcase classname="TestNG_classes.Login" name="loginpage" time="0.489"/>
  <testcase classname="TestNG_classes.Login" name="passwordenter" time="0.294"/>
  <testcase classname="TestNG_classes.Login" name="loginbutton" time="2.257"/>
  <testcase classname="TestNG_classes.Login" name="search" time="2.412"/>
  <testcase classname="TestNG_classes.Login" name="click_AddtoCart" time="2.015"/>
  <testcase classname="TestNG_classes.Login" name="confirmationmsg" time="1.327"/>
  <testcase classname="TestNG_classes.Login" name="itemsconfirmation" time="1.379"/>
</testsuite> <!-- TestNG_classes.Login -->
