<?xml version="1.0" encoding="UTF-8"?>
<!-- Generated by org.testng.reporters.JUnitReportReporter -->
<testsuite hostname="kathia" failures="0" tests="3" name="TestNG_classes.CheckoutTest" time="5.158" errors="0" timestamp="2024-11-07T19:19:37 EST" skipped="0">
  <testcase classname="TestNG_classes.CheckoutTest" name="LoginToMyAccout" time="1.526"/>
  <testcase classname="TestNG_classes.CheckoutTest" name="click_shopping_card" time="1.633"/>
  <testcase classname="TestNG_classes.CheckoutTest" name="click_checkout" time="1.999"/>
</testsuite> <!-- TestNG_classes.CheckoutTest -->
