<?xml version="1.0" encoding="UTF-8"?>
<!-- Generated by org.testng.reporters.JUnitReportReporter -->
<testsuite hostname="kathia" failures="0" tests="7" name="TestNG_classes.Login" time="10.569" errors="0" timestamp="2024-11-02T13:28:43 EDT" skipped="0">
  <testcase classname="TestNG_classes.Login" name="loginpage" time="0.455"/>
  <testcase classname="TestNG_classes.Login" name="passwordenter" time="0.311"/>
  <testcase classname="TestNG_classes.Login" name="loginbutton" time="2.326"/>
  <testcase classname="TestNG_classes.Login" name="search" time="2.759"/>
  <testcase classname="TestNG_classes.Login" name="click_AddtoCart" time="2.183"/>
  <testcase classname="TestNG_classes.Login" name="confirmationmsg" time="1.352"/>
  <testcase classname="TestNG_classes.Login" name="itemsconfirmation" time="1.183"/>
</testsuite> <!-- TestNG_classes.Login -->
